Determining if the pthread_create exist failed with the following output:
Change Dir: /home/beom/catkin_ws/build/CMakeFiles/CMakeTmp

Run Build Command:"/usr/bin/make" "cmTC_9d409/fast"
/usr/bin/make -f CMakeFiles/cmTC_9d409.dir/build.make CMakeFiles/cmTC_9d409.dir/build
make[1]: Entering directory '/home/beom/catkin_ws/build/CMakeFiles/CMakeTmp'
Building C object CMakeFiles/cmTC_9d409.dir/CheckSymbolExists.c.o
/usr/bin/gcc-8     -o CMakeFiles/cmTC_9d409.dir/CheckSymbolExists.c.o   -c /home/beom/catkin_ws/build/CMakeFiles/CMakeTmp/CheckSymbolExists.c
Linking C executable cmTC_9d409
/usr/bin/cmake -E cmake_link_script CMakeFiles/cmTC_9d409.dir/link.txt --verbose=1
/usr/bin/gcc-8       CMakeFiles/cmTC_9d409.dir/CheckSymbolExists.c.o  -o cmTC_9d409 -rdynamic 
CMakeFiles/cmTC_9d409.dir/CheckSymbolExists.c.o: In function `main':
CheckSymbolExists.c:(.text+0x16): undefined reference to `pthread_create'
collect2: error: ld returned 1 exit status
CMakeFiles/cmTC_9d409.dir/build.make:97: recipe for target 'cmTC_9d409' failed
make[1]: *** [cmTC_9d409] Error 1
make[1]: Leaving directory '/home/beom/catkin_ws/build/CMakeFiles/CMakeTmp'
Makefile:126: recipe for target 'cmTC_9d409/fast' failed
make: *** [cmTC_9d409/fast] Error 2

File /home/beom/catkin_ws/build/CMakeFiles/CMakeTmp/CheckSymbolExists.c:
/* */
#include <pthread.h>

int main(int argc, char** argv)
{
  (void)argv;
#ifndef pthread_create
  return ((int*)(&pthread_create))[argc];
#else
  (void)argc;
  return 0;
#endif
}

Determining if the function pthread_create exists in the pthreads failed with the following output:
Change Dir: /home/beom/catkin_ws/build/CMakeFiles/CMakeTmp

Run Build Command:"/usr/bin/make" "cmTC_f2482/fast"
/usr/bin/make -f CMakeFiles/cmTC_f2482.dir/build.make CMakeFiles/cmTC_f2482.dir/build
make[1]: Entering directory '/home/beom/catkin_ws/build/CMakeFiles/CMakeTmp'
Building C object CMakeFiles/cmTC_f2482.dir/CheckFunctionExists.c.o
/usr/bin/gcc-8    -DCHECK_FUNCTION_EXISTS=pthread_create   -o CMakeFiles/cmTC_f2482.dir/CheckFunctionExists.c.o   -c /usr/share/cmake-3.5/Modules/CheckFunctionExists.c
Linking C executable cmTC_f2482
/usr/bin/cmake -E cmake_link_script CMakeFiles/cmTC_f2482.dir/link.txt --verbose=1
/usr/bin/gcc-8   -DCHECK_FUNCTION_EXISTS=pthread_create    CMakeFiles/cmTC_f2482.dir/CheckFunctionExists.c.o  -o cmTC_f2482 -rdynamic -lpthreads 
/usr/bin/ld: cannot find -lpthreads
collect2: error: ld returned 1 exit status
CMakeFiles/cmTC_f2482.dir/build.make:97: recipe for target 'cmTC_f2482' failed
make[1]: *** [cmTC_f2482] Error 1
make[1]: Leaving directory '/home/beom/catkin_ws/build/CMakeFiles/CMakeTmp'
Makefile:126: recipe for target 'cmTC_f2482/fast' failed
make: *** [cmTC_f2482/fast] Error 2


Determining if the Q_WS_WIN exist failed with the following output:
Change Dir: /home/beom/catkin_ws/build/CMakeFiles/CMakeTmp

Run Build Command:"/usr/bin/make" "cmTC_44dcb/fast"
/usr/bin/make -f CMakeFiles/cmTC_44dcb.dir/build.make CMakeFiles/cmTC_44dcb.dir/build
make[1]: Entering directory '/home/beom/catkin_ws/build/CMakeFiles/CMakeTmp'
Building CXX object CMakeFiles/cmTC_44dcb.dir/CheckSymbolExists.cxx.o
/usr/bin/g++-8    -I/usr/include/qt4   -o CMakeFiles/cmTC_44dcb.dir/CheckSymbolExists.cxx.o -c /home/beom/catkin_ws/build/CMakeFiles/CMakeTmp/CheckSymbolExists.cxx
/home/beom/catkin_ws/build/CMakeFiles/CMakeTmp/CheckSymbolExists.cxx: In function ‘int main(int, char**)’:
/home/beom/catkin_ws/build/CMakeFiles/CMakeTmp/CheckSymbolExists.cxx:8:19: error: ‘Q_WS_WIN’ was not declared in this scope
   return ((int*)(&Q_WS_WIN))[argc];
                   ^~~~~~~~
/home/beom/catkin_ws/build/CMakeFiles/CMakeTmp/CheckSymbolExists.cxx:8:19: note: suggested alternative: ‘Q_WS_X11’
   return ((int*)(&Q_WS_WIN))[argc];
                   ^~~~~~~~
                   Q_WS_X11
CMakeFiles/cmTC_44dcb.dir/build.make:65: recipe for target 'CMakeFiles/cmTC_44dcb.dir/CheckSymbolExists.cxx.o' failed
make[1]: *** [CMakeFiles/cmTC_44dcb.dir/CheckSymbolExists.cxx.o] Error 1
make[1]: Leaving directory '/home/beom/catkin_ws/build/CMakeFiles/CMakeTmp'
Makefile:126: recipe for target 'cmTC_44dcb/fast' failed
make: *** [cmTC_44dcb/fast] Error 2

File /home/beom/catkin_ws/build/CMakeFiles/CMakeTmp/CheckSymbolExists.cxx:
/* */
#include <QtCore/qglobal.h>

int main(int argc, char** argv)
{
  (void)argv;
#ifndef Q_WS_WIN
  return ((int*)(&Q_WS_WIN))[argc];
#else
  (void)argc;
  return 0;
#endif
}

Determining if the Q_WS_QWS exist failed with the following output:
Change Dir: /home/beom/catkin_ws/build/CMakeFiles/CMakeTmp

Run Build Command:"/usr/bin/make" "cmTC_e0c82/fast"
/usr/bin/make -f CMakeFiles/cmTC_e0c82.dir/build.make CMakeFiles/cmTC_e0c82.dir/build
make[1]: Entering directory '/home/beom/catkin_ws/build/CMakeFiles/CMakeTmp'
Building CXX object CMakeFiles/cmTC_e0c82.dir/CheckSymbolExists.cxx.o
/usr/bin/g++-8    -I/usr/include/qt4   -o CMakeFiles/cmTC_e0c82.dir/CheckSymbolExists.cxx.o -c /home/beom/catkin_ws/build/CMakeFiles/CMakeTmp/CheckSymbolExists.cxx
/home/beom/catkin_ws/build/CMakeFiles/CMakeTmp/CheckSymbolExists.cxx: In function ‘int main(int, char**)’:
/home/beom/catkin_ws/build/CMakeFiles/CMakeTmp/CheckSymbolExists.cxx:8:19: error: ‘Q_WS_QWS’ was not declared in this scope
   return ((int*)(&Q_WS_QWS))[argc];
                   ^~~~~~~~
/home/beom/catkin_ws/build/CMakeFiles/CMakeTmp/CheckSymbolExists.cxx:8:19: note: suggested alternative: ‘Q_WS_X11’
   return ((int*)(&Q_WS_QWS))[argc];
                   ^~~~~~~~
                   Q_WS_X11
CMakeFiles/cmTC_e0c82.dir/build.make:65: recipe for target 'CMakeFiles/cmTC_e0c82.dir/CheckSymbolExists.cxx.o' failed
make[1]: *** [CMakeFiles/cmTC_e0c82.dir/CheckSymbolExists.cxx.o] Error 1
make[1]: Leaving directory '/home/beom/catkin_ws/build/CMakeFiles/CMakeTmp'
Makefile:126: recipe for target 'cmTC_e0c82/fast' failed
make: *** [cmTC_e0c82/fast] Error 2

File /home/beom/catkin_ws/build/CMakeFiles/CMakeTmp/CheckSymbolExists.cxx:
/* */
#include <QtCore/qglobal.h>

int main(int argc, char** argv)
{
  (void)argv;
#ifndef Q_WS_QWS
  return ((int*)(&Q_WS_QWS))[argc];
#else
  (void)argc;
  return 0;
#endif
}

Determining if the Q_WS_MAC exist failed with the following output:
Change Dir: /home/beom/catkin_ws/build/CMakeFiles/CMakeTmp

Run Build Command:"/usr/bin/make" "cmTC_b0d06/fast"
/usr/bin/make -f CMakeFiles/cmTC_b0d06.dir/build.make CMakeFiles/cmTC_b0d06.dir/build
make[1]: Entering directory '/home/beom/catkin_ws/build/CMakeFiles/CMakeTmp'
Building CXX object CMakeFiles/cmTC_b0d06.dir/CheckSymbolExists.cxx.o
/usr/bin/g++-8    -I/usr/include/qt4   -o CMakeFiles/cmTC_b0d06.dir/CheckSymbolExists.cxx.o -c /home/beom/catkin_ws/build/CMakeFiles/CMakeTmp/CheckSymbolExists.cxx
/home/beom/catkin_ws/build/CMakeFiles/CMakeTmp/CheckSymbolExists.cxx: In function ‘int main(int, char**)’:
/home/beom/catkin_ws/build/CMakeFiles/CMakeTmp/CheckSymbolExists.cxx:8:19: error: ‘Q_WS_MAC’ was not declared in this scope
   return ((int*)(&Q_WS_MAC))[argc];
                   ^~~~~~~~
/home/beom/catkin_ws/build/CMakeFiles/CMakeTmp/CheckSymbolExists.cxx:8:19: note: suggested alternative: ‘Q_WS_X11’
   return ((int*)(&Q_WS_MAC))[argc];
                   ^~~~~~~~
                   Q_WS_X11
CMakeFiles/cmTC_b0d06.dir/build.make:65: recipe for target 'CMakeFiles/cmTC_b0d06.dir/CheckSymbolExists.cxx.o' failed
make[1]: *** [CMakeFiles/cmTC_b0d06.dir/CheckSymbolExists.cxx.o] Error 1
make[1]: Leaving directory '/home/beom/catkin_ws/build/CMakeFiles/CMakeTmp'
Makefile:126: recipe for target 'cmTC_b0d06/fast' failed
make: *** [cmTC_b0d06/fast] Error 2

File /home/beom/catkin_ws/build/CMakeFiles/CMakeTmp/CheckSymbolExists.cxx:
/* */
#include <QtCore/qglobal.h>

int main(int argc, char** argv)
{
  (void)argv;
#ifndef Q_WS_MAC
  return ((int*)(&Q_WS_MAC))[argc];
#else
  (void)argc;
  return 0;
#endif
}

Performing C SOURCE FILE Test CMAKE_HAVE_LIBC_PTHREAD failed with the following output:
Change Dir: /home/beom/catkin_ws/build/CMakeFiles/CMakeTmp

Run Build Command(s):/usr/bin/make cmTC_37cf9/fast && /usr/bin/make -f CMakeFiles/cmTC_37cf9.dir/build.make CMakeFiles/cmTC_37cf9.dir/build
make[1]: Entering directory '/home/beom/catkin_ws/build/CMakeFiles/CMakeTmp'
Building C object CMakeFiles/cmTC_37cf9.dir/src.c.o
/usr/bin/gcc-8   -DCMAKE_HAVE_LIBC_PTHREAD   -o CMakeFiles/cmTC_37cf9.dir/src.c.o   -c /home/beom/catkin_ws/build/CMakeFiles/CMakeTmp/src.c
Linking C executable cmTC_37cf9
/usr/local/bin/cmake -E cmake_link_script CMakeFiles/cmTC_37cf9.dir/link.txt --verbose=1
/usr/bin/gcc-8  -DCMAKE_HAVE_LIBC_PTHREAD    -rdynamic CMakeFiles/cmTC_37cf9.dir/src.c.o  -o cmTC_37cf9 
CMakeFiles/cmTC_37cf9.dir/src.c.o: In function `main':
src.c:(.text+0x3c): undefined reference to `pthread_create'
src.c:(.text+0x48): undefined reference to `pthread_detach'
src.c:(.text+0x59): undefined reference to `pthread_join'
src.c:(.text+0x6d): undefined reference to `pthread_atfork'
collect2: error: ld returned 1 exit status
CMakeFiles/cmTC_37cf9.dir/build.make:86: recipe for target 'cmTC_37cf9' failed
make[1]: *** [cmTC_37cf9] Error 1
make[1]: Leaving directory '/home/beom/catkin_ws/build/CMakeFiles/CMakeTmp'
Makefile:121: recipe for target 'cmTC_37cf9/fast' failed
make: *** [cmTC_37cf9/fast] Error 2


Source file was:
#include <pthread.h>

void* test_func(void* data)
{
  return data;
}

int main(void)
{
  pthread_t thread;
  pthread_create(&thread, NULL, test_func, NULL);
  pthread_detach(thread);
  pthread_join(thread, NULL);
  pthread_atfork(NULL, NULL, NULL);
  pthread_exit(NULL);

  return 0;
}

